<?xml version="1.0" encoding="UTF-8" ?>
<testsuite tests="5" failures="0" name="com.teste.MatcherTest" time="0.049" errors="0" skipped="0">
  <properties>
[...]
</properties>
  <testcase classname="com.teste.MatcherTest" name="givenSearch_checkToString" time="0.023"/>
  <testcase classname="com.teste.MatcherTest" name="givenCollection_checkEmpty" time="0"/>
  <testcase classname="com.teste.MatcherTest" name="givenInteger_checkGreater" time="0.001"/>
  <testcase classname="com.teste.MatcherTest" name="givenBean_checkPropertyExists" time="0.024"/>
  <testcase classname="com.teste.MatcherTest" name="givenString_checkNull" time="0.001"/>
</testsuite>